#
# A fatal error has been detected by the Java Runtime Environment:
#
#  EXCEPTION_ACCESS_VIOLATION (0xc0000005) at pc=0x18b6e416, pid=3048, tid=4152
#
# JRE version: 7.0_05-b05
# Java VM: Java HotSpot(TM) Client VM (23.1-b03 mixed mode windows-x86 )
# Problematic frame:
# C  [pdfprn.dll+0xe416]  DrvEnableDriver+0x1a6
#
# Failed to write core dump. Minidumps are not enabled by default on client versions of Windows
#
# If you would like to submit a bug report, please visit:
#   http://bugreport.sun.com/bugreport/crash.jsp
# The crash happened outside the Java Virtual Machine in native code.
# See problematic frame for where to report the bug.
#

---------------  T H R E A D  ---------------

Current thread (0x16f1fc00):  JavaThread "AWT-EventQueue-0" [_thread_in_native, id=4152, stack(0x17420000,0x17470000)]

siginfo: ExceptionCode=0xc0000005, writing address 0x00000014

Registers:
EAX=0x00000000, EBX=0x1746efd4, ECX=0x000b74b0, EDX=0x18b1ffb8
ESP=0x1746e738, EBP=0x1746e774, ESI=0x18b23738, EDI=0x18b1fda8
EIP=0x18b6e416, EFLAGS=0x00010202

Top of Stack: (sp=0x1746e738)
0x1746e738:   18b1ffb8 00000000 00000007 77f2b968
0x1746e748:   18b1fda8 18b23738 000020f6 1746efd4
0x1746e758:   0018f028 0018dca0 00000001 00000000
0x1746e768:   00000001 00000001 00000000 1746efc4
0x1746e778:   7e430423 00000000 1746e78c 00000004
0x1746e788:   0018f558 0018f558 00000001 00000001
0x1746e798:   00000001 00000001 00000001 00000000
0x1746e7a8:   00000000 00000001 00000000 00000000 

Instructions: (pc=0x18b6e416)
0x18b6e3f6:   f6 87 80 01 00 00 04 0f 84 9e 00 00 00 8b 87 1c
0x18b6e406:   04 00 00 8d 97 10 02 00 00 89 86 1c 04 00 00 52
0x18b6e416:   89 70 14 8b 87 0c 02 00 00 89 86 0c 02 00 00 8b
0x18b6e426:   8f e4 00 00 00 8d 86 10 02 00 00 89 8e e4 00 00 


Register to memory mapping:

EAX=0x00000000 is an unknown value
EBX=0x1746efd4 is pointing into the stack for thread: 0x16f1fc00
ECX=0x000b74b0 is an unknown value
EDX=0x18b1ffb8 is an unknown value
ESP=0x1746e738 is pointing into the stack for thread: 0x16f1fc00
EBP=0x1746e774 is pointing into the stack for thread: 0x16f1fc00
ESI=0x18b23738 is an unknown value
EDI=0x18b1fda8 is an unknown value


Stack: [0x17420000,0x17470000],  sp=0x1746e738,  free space=313k
Native frames: (J=compiled Java code, j=interpreted, Vv=VM code, C=native code)
C  [pdfprn.dll+0xe416]  DrvEnableDriver+0x1a6
C  [USER32.dll+0x20423]  SetWindowWord+0x48
C  [ntdll.dll+0xe473]  KiUserCallbackDispatcher+0x13
C  [GDI32.dll+0x1b9c1]  ResetDCW+0x12
C  [awt.dll+0x884e9]  Java_sun_awt_windows_WPrinterJob_deviceStartPage+0x1b2
j  sun.awt.windows.WPrinterJob.deviceStartPage(Ljava/awt/print/PageFormat;Ljava/awt/print/Printable;IZ)V+0
j  sun.awt.windows.WPrinterJob.startPage(Ljava/awt/print/PageFormat;Ljava/awt/print/Printable;IZ)V+10
j  sun.print.RasterPrinterJob.printPage(Ljava/awt/print/Pageable;I)I+677
j  sun.print.RasterPrinterJob.print(Ljavax/print/attribute/PrintRequestAttributeSet;)V+700
j  com.java.sangrah.controllers.InvoicePrintController.defaultPrintPage(Lcom/java/sangrah/controllers/InvoicePagePrint;)V+148
j  com.java.sangrah.controllers.InvoicePrintController.printInvoice([[Ljava/lang/String;FIFFLjava/lang/String;)V+33
j  com.java.sangrah.views.InVoiceScreen$3$1.run()V+103
j  java.awt.event.InvocationEvent.dispatch()V+47
j  java.awt.EventQueue.dispatchEventImpl(Ljava/awt/AWTEvent;Ljava/lang/Object;)V+21
j  java.awt.EventQueue.access$000(Ljava/awt/EventQueue;Ljava/awt/AWTEvent;Ljava/lang/Object;)V+3
j  java.awt.EventQueue$3.run()Ljava/lang/Void;+12
j  java.awt.EventQueue$3.run()Ljava/lang/Object;+1
v  ~StubRoutines::call_stub
V  [jvm.dll+0x12964a]
V  [jvm.dll+0x1d851e]
V  [jvm.dll+0x1296cd]
V  [jvm.dll+0xd914a]
C  [java.dll+0x102f]  Java_java_security_AccessController_doPrivileged__Ljava_security_PrivilegedAction_2Ljava_security_AccessControlContext_2+0x17
j  java.security.ProtectionDomain$1.doIntersectionPrivilege(Ljava/security/PrivilegedAction;Ljava/security/AccessControlContext;Ljava/security/AccessControlContext;)Ljava/lang/Object;+28
j  java.awt.EventQueue.dispatchEvent(Ljava/awt/AWTEvent;)V+46
j  java.awt.EventDispatchThread.pumpOneEventForFilters(I)V+245
j  java.awt.EventDispatchThread.pumpEventsForFilter(ILjava/awt/Conditional;Ljava/awt/EventFilter;)V+48
j  java.awt.EventDispatchThread.pumpEventsForHierarchy(ILjava/awt/Conditional;Ljava/awt/Component;)V+11
j  java.awt.EventDispatchThread.pumpEvents(ILjava/awt/Conditional;)V+4
j  java.awt.EventDispatchThread.pumpEvents(Ljava/awt/Conditional;)V+3
j  java.awt.EventDispatchThread.run()V+9
v  ~StubRoutines::call_stub
V  [jvm.dll+0x12964a]
V  [jvm.dll+0x1d851e]
V  [jvm.dll+0x129833]
V  [jvm.dll+0x129897]
V  [jvm.dll+0xd24af]
V  [jvm.dll+0x149977]
V  [jvm.dll+0x149ae0]
V  [jvm.dll+0x17e049]
C  [msvcr100.dll+0x5c6de]  endthreadex+0x3a
C  [msvcr100.dll+0x5c788]  endthreadex+0xe4
C  [kernel32.dll+0xb729]  GetModuleFileNameA+0x1ba

Java frames: (J=compiled Java code, j=interpreted, Vv=VM code)
j  sun.awt.windows.WPrinterJob.deviceStartPage(Ljava/awt/print/PageFormat;Ljava/awt/print/Printable;IZ)V+0
j  sun.awt.windows.WPrinterJob.startPage(Ljava/awt/print/PageFormat;Ljava/awt/print/Printable;IZ)V+10
j  sun.print.RasterPrinterJob.printPage(Ljava/awt/print/Pageable;I)I+677
j  sun.print.RasterPrinterJob.print(Ljavax/print/attribute/PrintRequestAttributeSet;)V+700
j  com.java.sangrah.controllers.InvoicePrintController.defaultPrintPage(Lcom/java/sangrah/controllers/InvoicePagePrint;)V+148
j  com.java.sangrah.controllers.InvoicePrintController.printInvoice([[Ljava/lang/String;FIFFLjava/lang/String;)V+33
j  com.java.sangrah.views.InVoiceScreen$3$1.run()V+103
j  java.awt.event.InvocationEvent.dispatch()V+47
j  java.awt.EventQueue.dispatchEventImpl(Ljava/awt/AWTEvent;Ljava/lang/Object;)V+21
j  java.awt.EventQueue.access$000(Ljava/awt/EventQueue;Ljava/awt/AWTEvent;Ljava/lang/Object;)V+3
j  java.awt.EventQueue$3.run()Ljava/lang/Void;+12
j  java.awt.EventQueue$3.run()Ljava/lang/Object;+1
v  ~StubRoutines::call_stub
j  java.security.AccessController.doPrivileged(Ljava/security/PrivilegedAction;Ljava/security/AccessControlContext;)Ljava/lang/Object;+0
j  java.security.ProtectionDomain$1.doIntersectionPrivilege(Ljava/security/PrivilegedAction;Ljava/security/AccessControlContext;Ljava/security/AccessControlContext;)Ljava/lang/Object;+28
j  java.awt.EventQueue.dispatchEvent(Ljava/awt/AWTEvent;)V+46
j  java.awt.EventDispatchThread.pumpOneEventForFilters(I)V+245
j  java.awt.EventDispatchThread.pumpEventsForFilter(ILjava/awt/Conditional;Ljava/awt/EventFilter;)V+48
j  java.awt.EventDispatchThread.pumpEventsForHierarchy(ILjava/awt/Conditional;Ljava/awt/Component;)V+11
j  java.awt.EventDispatchThread.pumpEvents(ILjava/awt/Conditional;)V+4
j  java.awt.EventDispatchThread.pumpEvents(Ljava/awt/Conditional;)V+3
j  java.awt.EventDispatchThread.run()V+9
v  ~StubRoutines::call_stub

---------------  P R O C E S S  ---------------

Java Threads: ( => current thread )
  0x183f7c00 JavaThread "Thread-3" daemon [_thread_in_native, id=4744, stack(0x18fb0000,0x19000000)]
  0x1774b000 JavaThread "TimerQueue" daemon [_thread_blocked, id=4184, stack(0x181d0000,0x18220000)]
  0x17714c00 JavaThread "D3D Screen Updater" daemon [_thread_blocked, id=3256, stack(0x17920000,0x17970000)]
  0x00869800 JavaThread "DestroyJavaVM" [_thread_blocked, id=4616, stack(0x00950000,0x009a0000)]
=>0x16f1fc00 JavaThread "AWT-EventQueue-0" [_thread_in_native, id=4152, stack(0x17420000,0x17470000)]
  0x16e8d800 JavaThread "AWT-Windows" daemon [_thread_in_native, id=5820, stack(0x17320000,0x17370000)]
  0x16e8bc00 JavaThread "AWT-Shutdown" [_thread_blocked, id=5260, stack(0x172d0000,0x17320000)]
  0x16e8a400 JavaThread "Java2D Disposer" daemon [_thread_blocked, id=3856, stack(0x17280000,0x172d0000)]
  0x16dc6800 JavaThread "Service Thread" daemon [_thread_blocked, id=2440, stack(0x171e0000,0x17230000)]
  0x16dbc800 JavaThread "C1 CompilerThread0" daemon [_thread_blocked, id=5308, stack(0x17190000,0x171e0000)]
  0x16db0800 JavaThread "JDWP Command Reader" daemon [_thread_in_native, id=4720, stack(0x17140000,0x17190000)]
  0x16dae800 JavaThread "JDWP Event Helper Thread" daemon [_thread_blocked, id=3236, stack(0x170f0000,0x17140000)]
  0x16dac000 JavaThread "JDWP Transport Listener: dt_socket" daemon [_thread_blocked, id=4140, stack(0x170a0000,0x170f0000)]
  0x16d9fc00 JavaThread "Attach Listener" daemon [_thread_blocked, id=5408, stack(0x16fd0000,0x17020000)]
  0x16d9e400 JavaThread "Signal Dispatcher" daemon [_thread_blocked, id=4892, stack(0x16f80000,0x16fd0000)]
  0x02b36800 JavaThread "Finalizer" daemon [_thread_blocked, id=5644, stack(0x16d30000,0x16d80000)]
  0x02b31800 JavaThread "Reference Handler" daemon [_thread_blocked, id=1800, stack(0x16ce0000,0x16d30000)]

Other Threads:
  0x02b2bc00 VMThread [stack: 0x16c90000,0x16ce0000] [id=4444]
  0x16dda000 WatcherThread [stack: 0x17230000,0x17280000] [id=4596]

VM state:not at safepoint (normal execution)

VM Mutex/Monitor currently owned by a thread: None

Heap
 def new generation   total 6208K, used 5908K [0x02b50000, 0x03200000, 0x080a0000)
  eden space 5568K,  94% used [0x02b50000, 0x03075358, 0x030c0000)
  from space 640K, 100% used [0x03160000, 0x03200000, 0x03200000)
  to   space 640K,   0% used [0x030c0000, 0x030c0000, 0x03160000)
 tenured generation   total 13616K, used 8327K [0x080a0000, 0x08dec000, 0x12b50000)
   the space 13616K,  61% used [0x080a0000, 0x088c1d00, 0x088c1e00, 0x08dec000)
 compacting perm gen  total 16128K, used 16079K [0x12b50000, 0x13b10000, 0x16b50000)
   the space 16128K,  99% used [0x12b50000, 0x13b03d90, 0x13b03e00, 0x13b10000)
No shared spaces configured.

Code Cache  [0x009d0000, 0x00cf8000, 0x029d0000)
 total_blobs=1553 nmethods=1291 adapters=204 free_code_cache=29550Kb largest_free_block=30259392

Compilation events (10 events):
Event: 9.682 Thread 0x16dbc800 1298             javax.print.attribute.Size2DSyntax::convertFromMicrometers (21 bytes)
Event: 9.682 Thread 0x16dbc800 nmethod 1298 0x00cf36c8 code [0x00cf37d0, 0x00cf38cc]
Event: 12.581 Thread 0x16dbc800 1299             java.awt.geom.RectIterator::isDone (14 bytes)
Event: 12.581 Thread 0x16dbc800 nmethod 1299 0x00cf3c48 code [0x00cf3d40, 0x00cf3dd0]
Event: 12.581 Thread 0x16dbc800 1300             java.awt.geom.Point2D::<init> (5 bytes)
Event: 12.581 Thread 0x16dbc800 nmethod 1300 0x00cf3e08 code [0x00cf3f00, 0x00cf3f80]
Event: 12.582 Thread 0x16dbc800 1302             java.awt.geom.Point2D$Float::<init> (5 bytes)
Event: 12.582 Thread 0x16dbc800 nmethod 1302 0x00cf4248 code [0x00cf4340, 0x00cf43c0]
Event: 12.583 Thread 0x16dbc800 1303             sun.font.CompositeGlyphMapper::getCachedGlyphCode (32 bytes)
Event: 12.583 Thread 0x16dbc800 nmethod 1303 0x00cf4408 code [0x00cf4510, 0x00cf4610]

GC Heap History (10 events):
Event: 5.611 GC heap before
{Heap before GC invocations=29 (full 0):
 def new generation   total 4928K, used 4668K [0x02b50000, 0x030a0000, 0x080a0000)
  eden space 4416K, 100% used [0x02b50000, 0x02fa0000, 0x02fa0000)
  from space 512K,  49% used [0x03020000, 0x0305f298, 0x030a0000)
  to   space 512K,   0% used [0x02fa0000, 0x02fa0000, 0x03020000)
 tenured generation   total 10944K, used 10398K [0x080a0000, 0x08b50000, 0x12b50000)
   the space 10944K,  95% used [0x080a0000, 0x08ac7928, 0x08ac7a00, 0x08b50000)
 compacting perm gen  total 14336K, used 14143K [0x12b50000, 0x13950000, 0x16b50000)
   the space 14336K,  98% used [0x12b50000, 0x1391fc68, 0x1391fe00, 0x13950000)
No shared spaces configured.
Event: 5.614 GC heap after
Heap after GC invocations=30 (full 0):
 def new generation   total 4928K, used 445K [0x02b50000, 0x030a0000, 0x080a0000)
  eden space 4416K,   0% used [0x02b50000, 0x02b50000, 0x02fa0000)
  from space 512K,  86% used [0x02fa0000, 0x0300f480, 0x03020000)
  to   space 512K,   0% used [0x03020000, 0x03020000, 0x030a0000)
 tenured generation   total 10944K, used 10398K [0x080a0000, 0x08b50000, 0x12b50000)
   the space 10944K,  95% used [0x080a0000, 0x08ac7928, 0x08ac7a00, 0x08b50000)
 compacting perm gen  total 14336K, used 14143K [0x12b50000, 0x13950000, 0x16b50000)
   the space 14336K,  98% used [0x12b50000, 0x1391fc68, 0x1391fe00, 0x13950000)
No shared spaces configured.
}
Event: 5.660 GC heap before
{Heap before GC invocations=30 (full 0):
 def new generation   total 4928K, used 4861K [0x02b50000, 0x030a0000, 0x080a0000)
  eden space 4416K, 100% used [0x02b50000, 0x02fa0000, 0x02fa0000)
  from space 512K,  86% used [0x02fa0000, 0x0300f480, 0x03020000)
  to   space 512K,   0% used [0x03020000, 0x03020000, 0x030a0000)
 tenured generation   total 10944K, used 10398K [0x080a0000, 0x08b50000, 0x12b50000)
   the space 10944K,  95% used [0x080a0000, 0x08ac7928, 0x08ac7a00, 0x08b50000)
 compacting perm gen  total 14336K, used 14314K [0x12b50000, 0x13950000, 0x16b50000)
   the space 14336K,  99% used [0x12b50000, 0x1394aa50, 0x1394ac00, 0x13950000)
No shared spaces configured.
Event: 5.663 GC heap after
Heap after GC invocations=31 (full 0):
 def new generation   total 4928K, used 332K [0x02b50000, 0x030a0000, 0x080a0000)
  eden space 4416K,   0% used [0x02b50000, 0x02b50000, 0x02fa0000)
  from space 512K,  64% used [0x03020000, 0x03073238, 0x030a0000)
  to   space 512K,   0% used [0x02fa0000, 0x02fa0000, 0x03020000)
 tenured generation   total 10944K, used 10634K [0x080a0000, 0x08b50000, 0x12b50000)
   the space 10944K,  97% used [0x080a0000, 0x08b02a28, 0x08b02c00, 0x08b50000)
 compacting perm gen  total 14336K, used 14314K [0x12b50000, 0x13950000, 0x16b50000)
   the space 14336K,  99% used [0x12b50000, 0x1394aa50, 0x1394ac00, 0x13950000)
No shared spaces configured.
}
Event: 5.719 GC heap before
{Heap before GC invocations=31 (full 0):
 def new generation   total 4928K, used 4748K [0x02b50000, 0x030a0000, 0x080a0000)
  eden space 4416K, 100% used [0x02b50000, 0x02fa0000, 0x02fa0000)
  from space 512K,  64% used [0x03020000, 0x03073238, 0x030a0000)
  to   space 512K,   0% used [0x02fa0000, 0x02fa0000, 0x03020000)
 tenured generation   total 10944K, used 10634K [0x080a0000, 0x08b50000, 0x12b50000)
   the space 10944K,  97% used [0x080a0000, 0x08b02a28, 0x08b02c00, 0x08b50000)
 compacting perm gen  total 14592K, used 14558K [0x12b50000, 0x13990000, 0x16b50000)
   the space 14592K,  99% used [0x12b50000, 0x13987a58, 0x13987c00, 0x13990000)
No shared spaces configured.
Event: 5.722 GC heap after
Heap after GC invocations=32 (full 0):
 def new generation   total 4928K, used 471K [0x02b50000, 0x030a0000, 0x080a0000)
  eden space 4416K,   0% used [0x02b50000, 0x02b50000, 0x02fa0000)
  from space 512K,  92% used [0x02fa0000, 0x03015e88, 0x03020000)
  to   space 512K,   0% used [0x03020000, 0x03020000, 0x030a0000)
 tenured generation   total 10944K, used 10810K [0x080a0000, 0x08b50000, 0x12b50000)
   the space 10944K,  98% used [0x080a0000, 0x08b2ea38, 0x08b2ec00, 0x08b50000)
 compacting perm gen  total 14592K, used 14558K [0x12b50000, 0x13990000, 0x16b50000)
   the space 14592K,  99% used [0x12b50000, 0x13987a58, 0x13987c00, 0x13990000)
No shared spaces configured.
}
Event: 5.743 GC heap before
{Heap before GC invocations=32 (full 0):
 def new generation   total 4928K, used 4887K [0x02b50000, 0x030a0000, 0x080a0000)
  eden space 4416K, 100% used [0x02b50000, 0x02fa0000, 0x02fa0000)
  from space 512K,  92% used [0x02fa0000, 0x03015e88, 0x03020000)
  to   space 512K,   0% used [0x03020000, 0x03020000, 0x030a0000)
 tenured generation   total 10944K, used 10810K [0x080a0000, 0x08b50000, 0x12b50000)
   the space 10944K,  98% used [0x080a0000, 0x08b2ea38, 0x08b2ec00, 0x08b50000)
 compacting perm gen  total 14592K, used 14560K [0x12b50000, 0x13990000, 0x16b50000)
   the space 14592K,  99% used [0x12b50000, 0x13988148, 0x13988200, 0x13990000)
No shared spaces configured.
Event: 5.811 GC heap after
Heap after GC invocations=33 (full 1):
 def new generation   total 6208K, used 0K [0x02b50000, 0x03200000, 0x080a0000)
  eden space 5568K,   0% used [0x02b50000, 0x02b50000, 0x030c0000)
  from space 640K,   0% used [0x030c0000, 0x030c0000, 0x03160000)
  to   space 640K,   0% used [0x03160000, 0x03160000, 0x03200000)
 tenured generation   total 13616K, used 8169K [0x080a0000, 0x08dec000, 0x12b50000)
   the space 13616K,  59% used [0x080a0000, 0x0889a650, 0x0889a800, 0x08dec000)
 compacting perm gen  total 14592K, used 14560K [0x12b50000, 0x13990000, 0x16b50000)
   the space 14592K,  99% used [0x12b50000, 0x13988148, 0x13988200, 0x13990000)
No shared spaces configured.
}
Event: 5.905 GC heap before
{Heap before GC invocations=33 (full 1):
 def new generation   total 6208K, used 5568K [0x02b50000, 0x03200000, 0x080a0000)
  eden space 5568K, 100% used [0x02b50000, 0x030c0000, 0x030c0000)
  from space 640K,   0% used [0x030c0000, 0x030c0000, 0x03160000)
  to   space 640K,   0% used [0x03160000, 0x03160000, 0x03200000)
 tenured generation   total 13616K, used 8169K [0x080a0000, 0x08dec000, 0x12b50000)
   the space 13616K,  59% used [0x080a0000, 0x0889a650, 0x0889a800, 0x08dec000)
 compacting perm gen  total 15104K, used 15094K [0x12b50000, 0x13a10000, 0x16b50000)
   the space 15104K,  99% used [0x12b50000, 0x13a0da28, 0x13a0dc00, 0x13a10000)
No shared spaces configured.
Event: 5.908 GC heap after
Heap after GC invocations=34 (full 1):
 def new generation   total 6208K, used 640K [0x02b50000, 0x03200000, 0x080a0000)
  eden space 5568K,   0% used [0x02b50000, 0x02b50000, 0x030c0000)
  from space 640K, 100% used [0x03160000, 0x03200000, 0x03200000)
  to   space 640K,   0% used [0x030c0000, 0x030c0000, 0x03160000)
 tenured generation   total 13616K, used 8327K [0x080a0000, 0x08dec000, 0x12b50000)
   the space 13616K,  61% used [0x080a0000, 0x088c1d00, 0x088c1e00, 0x08dec000)
 compacting perm gen  total 15104K, used 15094K [0x12b50000, 0x13a10000, 0x16b50000)
   the space 15104K,  99% used [0x12b50000, 0x13a0da28, 0x13a0dc00, 0x13a10000)
No shared spaces configured.
}

Deoptimization events (0 events):
No events

Internal exceptions (10 events):
Event: 6.043 Thread 0x16f1fc00 Threw 0x02ef9268 at C:\jdk7u5_32P\jdk7u5\hotspot\src\share\vm\prims\jvm.cpp:1166
Event: 6.044 Thread 0x16f1fc00 Threw 0x02efdd30 at C:\jdk7u5_32P\jdk7u5\hotspot\src\share\vm\prims\jvm.cpp:1166
Event: 6.044 Thread 0x16f1fc00 Threw 0x02f07fe8 at C:\jdk7u5_32P\jdk7u5\hotspot\src\share\vm\prims\jvm.cpp:1166
Event: 6.046 Thread 0x16f1fc00 Threw 0x02f0c428 at C:\jdk7u5_32P\jdk7u5\hotspot\src\share\vm\prims\jvm.cpp:1166
Event: 6.047 Thread 0x16f1fc00 Threw 0x02f13e98 at C:\jdk7u5_32P\jdk7u5\hotspot\src\share\vm\prims\jvm.cpp:1166
Event: 6.048 Thread 0x16f1fc00 Threw 0x02f1a7f8 at C:\jdk7u5_32P\jdk7u5\hotspot\src\share\vm\prims\jvm.cpp:1166
Event: 9.618 Thread 0x16f1fc00 Threw 0x02ff1b88 at C:\jdk7u5_32P\jdk7u5\hotspot\src\share\vm\prims\jvm.cpp:1166
Event: 9.621 Thread 0x16f1fc00 Threw 0x02ff4b28 at C:\jdk7u5_32P\jdk7u5\hotspot\src\share\vm\prims\jvm.cpp:1166
Event: 9.622 Thread 0x16f1fc00 Threw 0x02ff7ff0 at C:\jdk7u5_32P\jdk7u5\hotspot\src\share\vm\prims\jvm.cpp:1166
Event: 9.630 Thread 0x16f1fc00 Threw 0x02ffdd20 at C:\jdk7u5_32P\jdk7u5\hotspot\src\share\vm\prims\jvm.cpp:1166

Events (10 events):
Event: 12.569 loading class 0x16e582f8
Event: 12.569 loading class 0x16e582f8 done
Event: 12.569 loading class 0x16e583f8
Event: 12.569 loading class 0x18414ba8
Event: 12.569 loading class 0x18414ba8 done
Event: 12.569 loading class 0x16e583f8 done
Event: 12.569 loading class 0x16e5b8f8
Event: 12.569 loading class 0x16e5b8f8 done
Event: 12.570 loading class 0x1848fa28
Event: 12.570 loading class 0x1848fa28 done


Dynamic libraries:
0x00400000 - 0x0042f000 	C:\Program Files\Java\jre7\bin\javaw.exe
0x7c900000 - 0x7c9b2000 	C:\WINDOWS\system32\ntdll.dll
0x7c800000 - 0x7c8f6000 	C:\WINDOWS\system32\kernel32.dll
0x64d00000 - 0x64d3c000 	C:\Program Files\AVAST Software\Avast\snxhk.dll
0x77dd0000 - 0x77e6b000 	C:\WINDOWS\system32\ADVAPI32.dll
0x77e70000 - 0x77f03000 	C:\WINDOWS\system32\RPCRT4.dll
0x77fe0000 - 0x77ff1000 	C:\WINDOWS\system32\Secur32.dll
0x7e410000 - 0x7e4a1000 	C:\WINDOWS\system32\USER32.dll
0x77f10000 - 0x77f59000 	C:\WINDOWS\system32\GDI32.dll
0x773d0000 - 0x774d3000 	C:\WINDOWS\WinSxS\x86_Microsoft.Windows.Common-Controls_6595b64144ccf1df_6.0.2600.6028_x-ww_61e65202\COMCTL32.dll
0x77c10000 - 0x77c68000 	C:\WINDOWS\system32\msvcrt.dll
0x77f60000 - 0x77fd6000 	C:\WINDOWS\system32\SHLWAPI.dll
0x76390000 - 0x763ad000 	C:\WINDOWS\system32\IMM32.DLL
0x78aa0000 - 0x78b5e000 	C:\Program Files\Java\jre7\bin\msvcr100.dll
0x6d880000 - 0x6dbca000 	C:\Program Files\Java\jre7\bin\client\jvm.dll
0x71ad0000 - 0x71ad9000 	C:\WINDOWS\system32\WSOCK32.dll
0x71ab0000 - 0x71ac7000 	C:\WINDOWS\system32\WS2_32.dll
0x71aa0000 - 0x71aa8000 	C:\WINDOWS\system32\WS2HELP.dll
0x76b40000 - 0x76b6d000 	C:\WINDOWS\system32\WINMM.dll
0x76bf0000 - 0x76bfb000 	C:\WINDOWS\system32\PSAPI.DLL
0x6d810000 - 0x6d81c000 	C:\Program Files\Java\jre7\bin\verify.dll
0x6d2f0000 - 0x6d310000 	C:\Program Files\Java\jre7\bin\java.dll
0x6d340000 - 0x6d36a000 	C:\Program Files\Java\jre7\bin\jdwp.dll
0x6d6a0000 - 0x6d6a7000 	C:\Program Files\Java\jre7\bin\npt.dll
0x6d860000 - 0x6d873000 	C:\Program Files\Java\jre7\bin\zip.dll
0x6d210000 - 0x6d218000 	C:\Program Files\Java\jre7\bin\dt_socket.dll
0x71a50000 - 0x71a8f000 	C:\WINDOWS\System32\mswsock.dll
0x76f20000 - 0x76f47000 	C:\WINDOWS\system32\DNSAPI.dll
0x76d60000 - 0x76d79000 	C:\WINDOWS\system32\iphlpapi.dll
0x76fb0000 - 0x76fb8000 	C:\WINDOWS\System32\winrnr.dll
0x76f60000 - 0x76f8c000 	C:\WINDOWS\system32\WLDAP32.dll
0x64000000 - 0x64021000 	C:\Program Files\Bonjour\mdnsNSP.dll
0x76fc0000 - 0x76fc6000 	C:\WINDOWS\system32\rasadhlp.dll
0x662b0000 - 0x66308000 	C:\WINDOWS\system32\hnetcfg.dll
0x71a90000 - 0x71a98000 	C:\WINDOWS\System32\wshtcpip.dll
0x6d000000 - 0x6d142000 	C:\Program Files\Java\jre7\bin\awt.dll
0x77120000 - 0x771ab000 	C:\WINDOWS\system32\OLEAUT32.dll
0x774e0000 - 0x7761e000 	C:\WINDOWS\system32\ole32.dll
0x5ad70000 - 0x5ada8000 	C:\WINDOWS\system32\uxtheme.dll
0x74720000 - 0x7476c000 	C:\WINDOWS\system32\MSCTF.dll
0x755c0000 - 0x755ee000 	C:\WINDOWS\system32\msctfime.ime
0x7c9c0000 - 0x7d1d7000 	C:\WINDOWS\system32\SHELL32.dll
0x6d240000 - 0x6d26a000 	C:\Program Files\Java\jre7\bin\fontmanager.dll
0x6d610000 - 0x6d624000 	C:\Program Files\Java\jre7\bin\net.dll
0x6d630000 - 0x6d63f000 	C:\Program Files\Java\jre7\bin\nio.dll
0x4fdd0000 - 0x4ff76000 	C:\WINDOWS\system32\d3d9.dll
0x17470000 - 0x17476000 	C:\WINDOWS\system32\d3d8thk.dll
0x77c00000 - 0x77c08000 	C:\WINDOWS\system32\VERSION.dll
0x6d7b0000 - 0x6d7e1000 	C:\Program Files\Java\jre7\bin\t2k.dll
0x6d420000 - 0x6d445000 	C:\Program Files\Java\jre7\bin\jpeg.dll
0x76fd0000 - 0x7704f000 	C:\WINDOWS\system32\CLBCATQ.DLL
0x77050000 - 0x77115000 	C:\WINDOWS\system32\COMRes.dll
0x61380000 - 0x61409000 	C:\Documents and Settings\treewalker\Local Settings\Temp\sqlite-3.7.2-sqlitejdbc.dll
0x763b0000 - 0x763f9000 	C:\WINDOWS\system32\COMDLG32.dll
0x73000000 - 0x73026000 	C:\WINDOWS\system32\WINSPOOL.DRV
0x178c0000 - 0x178dc000 	C:\WINDOWS\System32\spool\DRIVERS\W32X86\3\pdfui.dll
0x18b60000 - 0x18baf000 	C:\WINDOWS\System32\spool\DRIVERS\W32X86\3\pdfprn.dll
0x77920000 - 0x77a13000 	C:\WINDOWS\system32\SETUPAPI.dll
0x77b40000 - 0x77b62000 	C:\WINDOWS\system32\appHelp.dll
0x64e40000 - 0x64e61000 	C:\Program Files\AVAST Software\Avast\ashShell.dll
0x7d1e0000 - 0x7d49c000 	C:\WINDOWS\system32\msi.dll
0x190b0000 - 0x190c8000 	C:\Program Files\Common Files\TortoiseOverlays\TortoiseOverlays.dll
0x190e0000 - 0x190ee000 	C:\Program Files\TortoiseSVN\bin\TortoiseStub.dll
0x19110000 - 0x191c5000 	C:\Program Files\TortoiseSVN\bin\TortoiseSVN.dll
0x76780000 - 0x76789000 	C:\WINDOWS\system32\SHFOLDER.dll
0x3d930000 - 0x3da16000 	C:\WINDOWS\system32\WININET.dll
0x191e0000 - 0x191e9000 	C:\WINDOWS\system32\Normaliz.dll
0x78130000 - 0x78263000 	C:\WINDOWS\system32\urlmon.dll
0x3dfd0000 - 0x3e1bb000 	C:\WINDOWS\system32\iertutil.dll
0x6eec0000 - 0x6eee2000 	C:\Program Files\TortoiseSVN\bin\libapr_tsvn.dll
0x78520000 - 0x785c3000 	C:\WINDOWS\WinSxS\x86_Microsoft.VC90.CRT_1fc8b3b9a1e18e3b_9.0.30729.5570_x-ww_0517bbc6\MSVCR90.dll
0x6ee60000 - 0x6ee92000 	C:\Program Files\TortoiseSVN\bin\libaprutil_tsvn.dll
0x19210000 - 0x1921d000 	C:\Program Files\TortoiseSVN\bin\intl3_tsvn.dll
0x78480000 - 0x7850e000 	C:\WINDOWS\WinSxS\x86_Microsoft.VC90.CRT_1fc8b3b9a1e18e3b_9.0.30729.5570_x-ww_0517bbc6\MSVCP90.dll
0x77a80000 - 0x77b15000 	C:\WINDOWS\system32\CRYPT32.dll
0x77b20000 - 0x77b32000 	C:\WINDOWS\system32\MSASN1.dll
0x194b0000 - 0x196cd000 	C:\PROGRA~1\MICROS~2\Office12\GRA8E1~1.DLL
0x68ef0000 - 0x68fe1000 	C:\PROGRA~1\MICROS~2\Office12\GrooveUtil.DLL
0x196f0000 - 0x1978b000 	C:\WINDOWS\WinSxS\x86_Microsoft.VC80.CRT_1fc8b3b9a1e18e3b_8.0.50727.4053_x-ww_e6967989\MSVCR80.dll
0x68ff0000 - 0x68ff7000 	C:\PROGRA~1\MICROS~2\Office12\GrooveNew.DLL
0x7c630000 - 0x7c64b000 	C:\WINDOWS\WinSxS\x86_Microsoft.VC80.ATL_1fc8b3b9a1e18e3b_8.0.50727.42_x-ww_6e805841\ATL80.DLL
0x68000000 - 0x68036000 	C:\WINDOWS\system32\rsaenh.dll
0x76380000 - 0x76385000 	C:\WINDOWS\system32\MSImg32.dll
0x76990000 - 0x769b5000 	C:\WINDOWS\system32\ntshrui.dll
0x76b20000 - 0x76b31000 	C:\WINDOWS\system32\ATL.DLL
0x5b860000 - 0x5b8b5000 	C:\WINDOWS\system32\NETAPI32.dll
0x769c0000 - 0x76a74000 	C:\WINDOWS\system32\USERENV.dll
0x76980000 - 0x76988000 	C:\WINDOWS\system32\LINKINFO.dll
0x65e30000 - 0x65e67000 	C:\PROGRA~1\MICROS~2\Office12\GR99D3~1.DLL
0x74980000 - 0x74aa3000 	C:\WINDOWS\system32\msxml3.dll
0x59a60000 - 0x59b01000 	C:\WINDOWS\system32\dbghelp.dll

VM Arguments:
jvm_args: -agentlib:jdwp=transport=dt_socket,suspend=y,address=localhost:2854 -Djava.library.path=D:\kiran\SangrahPOS\Projects\SangrahJava -Dfile.encoding=Cp1252 
java_command: com.java.sangrah.views.InVoiceScreen
Launcher Type: SUN_STANDARD

Environment Variables:
CLASSPATH=.;C:\Program Files\QuickTime\QTSystem\QTJava.zip
PATH=C:/Program Files/Java/jre7/bin/client;C:/Program Files/Java/jre7/bin;C:/Program Files/Java/jre7/lib/i386;C:\Ruby\bin;C:\WINDOWS\system32;C:\WINDOWS;C:\WINDOWS\System32\Wbem;C:\Program Files\php;C:\Program Files\MySQL\MySQL Server 5.0\bin;C:\Documents and Settings\treewalker\Desktop\APACHE_HOME\PHP_HOME;C:\Program Files\TortoiseSVN\bin;C:\Program Files\QuickTime\QTSystem\;C:\Documents and Settings\treewalker\Application Data\npm;C:\Program Files\nodejs;C:\Ruby193\bin;D:\kiran\Android\android-sdk-windows\platform-tools;C:\Program Files\Lua\5.1;C:\Program Files\Lua\5.1\clibs;C:\Program Files\Java\jdk1.6.0_34\bin;D:\kiran\Android\android-sdk-windows\tools;C:\Program Files\Git\bin;C:\devkit\bin;D:\Software\eclipse-jee-indigo-SR2-win32\eclipse;
USERNAME=treewalker
OS=Windows_NT
PROCESSOR_IDENTIFIER=x86 Family 16 Model 6 Stepping 3, AuthenticAMD



---------------  S Y S T E M  ---------------

OS: Windows XP Build 2600 Service Pack 3

CPU:total 2 (2 cores per cpu, 1 threads per core) family 16 model 6 stepping 3, cmov, cx8, fxsr, mmx, sse, sse2, sse3, popcnt, mmxext, 3dnowpref, lzcnt, sse4a, tsc, tscinvbit, tscinv

Memory: 4k page, physical 1834136k(591140k free), swap 3774080k(1757912k free)

vm_info: Java HotSpot(TM) Client VM (23.1-b03) for windows-x86 JRE (1.7.0_05-b05), built on May 15 2012 18:11:27 by "java_re" with unknown MS VC++:1600

time: Mon Dec 10 12:27:46 2012
elapsed time: 12 seconds

